DEB [20210225-13:37:34.599] thr=1   paramiko.transport: starting thread (client mode): 0x26b4bbb0
DEB [20210225-13:37:34.601] thr=1   paramiko.transport: Local version/idstring: SSH-2.0-paramiko_2.7.2
DEB [20210225-13:37:34.801] thr=1   paramiko.transport: Remote version/idstring: SSH-2.0-OpenSSH_7.4
INF [20210225-13:37:34.801] thr=1   paramiko.transport: Connected (version 2.0, client OpenSSH_7.4)
DEB [20210225-13:37:34.974] thr=1   paramiko.transport: kex algos:['curve25519-sha256', 'curve25519-sha256@libssh.org', 'ecdh-sha2-nistp256', 'ecdh-sha2-nistp384', 'ecdh-sha2-nistp521', 'diffie-hellman-group-exchange-sha256', 'diffie-hellman-group16-sha512', 'diffie-hellman-group18-sha512', 'diffie-hellman-group-exchange-sha1', 'diffie-hellman-group14-sha256', 'diffie-hellman-group14-sha1', 'diffie-hellman-group1-sha1'] server key:['ssh-rsa', 'rsa-sha2-512', 'rsa-sha2-256', 'ecdsa-sha2-nistp256'] client encrypt:['chacha20-poly1305@openssh.com', 'aes128-ctr', 'aes192-ctr', 'aes256-ctr', 'aes128-gcm@openssh.com', 'aes256-gcm@openssh.com', 'aes128-cbc', 'aes192-cbc', 'aes256-cbc', 'blowfish-cbc', 'cast128-cbc', '3des-cbc'] server encrypt:['chacha20-poly1305@openssh.com', 'aes128-ctr', 'aes192-ctr', 'aes256-ctr', 'aes128-gcm@openssh.com', 'aes256-gcm@openssh.com', 'aes128-cbc', 'aes192-cbc', 'aes256-cbc', 'blowfish-cbc', 'cast128-cbc', '3des-cbc'] client mac:['umac-64-etm@openssh.com', 'umac-128-etm@openssh.com', 'hmac-sha2-256-etm@openssh.com', 'hmac-sha2-512-etm@openssh.com', 'hmac-sha1-etm@openssh.com', 'umac-64@openssh.com', 'umac-128@openssh.com', 'hmac-sha2-256', 'hmac-sha2-512', 'hmac-sha1'] server mac:['umac-64-etm@openssh.com', 'umac-128-etm@openssh.com', 'hmac-sha2-256-etm@openssh.com', 'hmac-sha2-512-etm@openssh.com', 'hmac-sha1-etm@openssh.com', 'umac-64@openssh.com', 'umac-128@openssh.com', 'hmac-sha2-256', 'hmac-sha2-512', 'hmac-sha1'] client compress:['none', 'zlib@openssh.com'] server compress:['none', 'zlib@openssh.com'] client lang:[''] server lang:[''] kex follows?False
DEB [20210225-13:37:34.974] thr=1   paramiko.transport: Kex agreed: curve25519-sha256@libssh.org
DEB [20210225-13:37:34.974] thr=1   paramiko.transport: HostKey agreed: ecdsa-sha2-nistp256
DEB [20210225-13:37:34.974] thr=1   paramiko.transport: Cipher agreed: aes128-ctr
DEB [20210225-13:37:34.974] thr=1   paramiko.transport: MAC agreed: hmac-sha2-256
DEB [20210225-13:37:34.974] thr=1   paramiko.transport: Compression agreed: none
DEB [20210225-13:37:35.162] thr=1   paramiko.transport: kex engine KexCurve25519 specified hash_algo <built-in function openssl_sha256>
DEB [20210225-13:37:35.162] thr=1   paramiko.transport: Switch to new keys ...
DEB [20210225-13:37:35.162] thr=2   paramiko.transport: Adding ecdsa-sha2-nistp256 host key for ftp.buysellmove.com: b'a26bd1bc4d8f640db52fbe732178ec7f'
DEB [20210225-13:37:35.562] thr=1   paramiko.transport: userauth is OK
INF [20210225-13:37:35.763] thr=1   paramiko.transport: Auth banner: b'\n+---------------------------------------------------------------+\n| Important Notice!                                             |\n|                                                               |\n| This system and all information contained herein is company   |\n| property and access is granted for authorised users only.     |\n|                                                               |\n| Use of this system constitutes your acceptance that use is    |\n| subject to company security policies and standards, and any   |\n| violation that breaches these provisions may result in        |\n| disciplinary action. All users of this system are expected    |\n| to have read applicable company policies before making use of |\n| this system. Use of this system may be subject to monitoring. |\n|                                                               |\n| Log off immediately if you do not agree to these terms.       |\n+---------------------------------------------------------------+\n\n'
INF [20210225-13:37:35.763] thr=1   paramiko.transport: Authentication (password) successful!
DEB [20210225-13:37:35.763] thr=2   paramiko.transport: [chan 0] Max packet in: 32768 bytes
DEB [20210225-13:37:35.947] thr=1   paramiko.transport: Received global request "hostkeys-00@openssh.com"
DEB [20210225-13:37:35.947] thr=1   paramiko.transport: Rejecting "hostkeys-00@openssh.com" global request from server.
DEB [20210225-13:37:36.195] thr=1   paramiko.transport: [chan 0] Max packet out: 32768 bytes
DEB [20210225-13:37:36.195] thr=1   paramiko.transport: Secsh channel 0 opened.
DEB [20210225-13:37:36.364] thr=1   paramiko.transport: [chan 0] Sesch channel 0 request ok
INF [20210225-13:37:36.549] thr=2   paramiko.transport.sftp: [chan 0] Opened sftp connection (server version 3)
DEB [20210225-13:37:36.549] thr=2   paramiko.transport.sftp: [chan 0] stat(b'files/invoice_files/out/')
DEB [20210225-13:37:36.743] thr=2   paramiko.transport.sftp: [chan 0] normalize(b'files/invoice_files/out/')
DEB [20210225-13:37:36.918] thr=2   paramiko.transport.sftp: [chan 0] listdir(b'/files/invoice_files/out/.')
DEB [20210225-13:38:09.910] thr=1   paramiko.transport: starting thread (client mode): 0x4b08bbb0
DEB [20210225-13:38:09.910] thr=1   paramiko.transport: Local version/idstring: SSH-2.0-paramiko_2.7.2
DEB [20210225-13:38:10.110] thr=1   paramiko.transport: Remote version/idstring: SSH-2.0-OpenSSH_7.4
INF [20210225-13:38:10.110] thr=1   paramiko.transport: Connected (version 2.0, client OpenSSH_7.4)
DEB [20210225-13:38:10.280] thr=1   paramiko.transport: kex algos:['curve25519-sha256', 'curve25519-sha256@libssh.org', 'ecdh-sha2-nistp256', 'ecdh-sha2-nistp384', 'ecdh-sha2-nistp521', 'diffie-hellman-group-exchange-sha256', 'diffie-hellman-group16-sha512', 'diffie-hellman-group18-sha512', 'diffie-hellman-group-exchange-sha1', 'diffie-hellman-group14-sha256', 'diffie-hellman-group14-sha1', 'diffie-hellman-group1-sha1'] server key:['ssh-rsa', 'rsa-sha2-512', 'rsa-sha2-256', 'ecdsa-sha2-nistp256'] client encrypt:['chacha20-poly1305@openssh.com', 'aes128-ctr', 'aes192-ctr', 'aes256-ctr', 'aes128-gcm@openssh.com', 'aes256-gcm@openssh.com', 'aes128-cbc', 'aes192-cbc', 'aes256-cbc', 'blowfish-cbc', 'cast128-cbc', '3des-cbc'] server encrypt:['chacha20-poly1305@openssh.com', 'aes128-ctr', 'aes192-ctr', 'aes256-ctr', 'aes128-gcm@openssh.com', 'aes256-gcm@openssh.com', 'aes128-cbc', 'aes192-cbc', 'aes256-cbc', 'blowfish-cbc', 'cast128-cbc', '3des-cbc'] client mac:['umac-64-etm@openssh.com', 'umac-128-etm@openssh.com', 'hmac-sha2-256-etm@openssh.com', 'hmac-sha2-512-etm@openssh.com', 'hmac-sha1-etm@openssh.com', 'umac-64@openssh.com', 'umac-128@openssh.com', 'hmac-sha2-256', 'hmac-sha2-512', 'hmac-sha1'] server mac:['umac-64-etm@openssh.com', 'umac-128-etm@openssh.com', 'hmac-sha2-256-etm@openssh.com', 'hmac-sha2-512-etm@openssh.com', 'hmac-sha1-etm@openssh.com', 'umac-64@openssh.com', 'umac-128@openssh.com', 'hmac-sha2-256', 'hmac-sha2-512', 'hmac-sha1'] client compress:['none', 'zlib@openssh.com'] server compress:['none', 'zlib@openssh.com'] client lang:[''] server lang:[''] kex follows?False
DEB [20210225-13:38:10.280] thr=1   paramiko.transport: Kex agreed: curve25519-sha256@libssh.org
DEB [20210225-13:38:10.280] thr=1   paramiko.transport: HostKey agreed: ecdsa-sha2-nistp256
DEB [20210225-13:38:10.280] thr=1   paramiko.transport: Cipher agreed: aes128-ctr
DEB [20210225-13:38:10.280] thr=1   paramiko.transport: MAC agreed: hmac-sha2-256
DEB [20210225-13:38:10.280] thr=1   paramiko.transport: Compression agreed: none
DEB [20210225-13:38:10.465] thr=1   paramiko.transport: kex engine KexCurve25519 specified hash_algo <built-in function openssl_sha256>
DEB [20210225-13:38:10.465] thr=1   paramiko.transport: Switch to new keys ...
DEB [20210225-13:38:10.481] thr=2   paramiko.transport: Adding ecdsa-sha2-nistp256 host key for ftp.buysellmove.com: b'a26bd1bc4d8f640db52fbe732178ec7f'
DEB [20210225-13:38:11.047] thr=1   paramiko.transport: userauth is OK
INF [20210225-13:38:11.251] thr=1   paramiko.transport: Auth banner: b'\n+---------------------------------------------------------------+\n| Important Notice!                                             |\n|                                                               |\n| This system and all information contained herein is company   |\n| property and access is granted for authorised users only.     |\n|                                                               |\n| Use of this system constitutes your acceptance that use is    |\n| subject to company security policies and standards, and any   |\n| violation that breaches these provisions may result in        |\n| disciplinary action. All users of this system are expected    |\n| to have read applicable company policies before making use of |\n| this system. Use of this system may be subject to monitoring. |\n|                                                               |\n| Log off immediately if you do not agree to these terms.       |\n+---------------------------------------------------------------+\n\n'
INF [20210225-13:38:11.251] thr=1   paramiko.transport: Authentication (password) successful!
DEB [20210225-13:38:11.251] thr=2   paramiko.transport: [chan 0] Max packet in: 32768 bytes
DEB [20210225-13:38:11.429] thr=1   paramiko.transport: Received global request "hostkeys-00@openssh.com"
DEB [20210225-13:38:11.429] thr=1   paramiko.transport: Rejecting "hostkeys-00@openssh.com" global request from server.
DEB [20210225-13:38:11.652] thr=1   paramiko.transport: [chan 0] Max packet out: 32768 bytes
DEB [20210225-13:38:11.652] thr=1   paramiko.transport: Secsh channel 0 opened.
DEB [20210225-13:38:11.830] thr=1   paramiko.transport: [chan 0] Sesch channel 0 request ok
INF [20210225-13:38:12.015] thr=2   paramiko.transport.sftp: [chan 0] Opened sftp connection (server version 3)
DEB [20210225-13:38:12.015] thr=2   paramiko.transport.sftp: [chan 0] stat(b'files/invoice_files/out/')
DEB [20210225-13:38:12.200] thr=2   paramiko.transport.sftp: [chan 0] normalize(b'files/invoice_files/out/')
DEB [20210225-13:38:12.385] thr=2   paramiko.transport.sftp: [chan 0] listdir(b'/files/invoice_files/out/.')
DEB [20210225-13:42:17.357] thr=1   paramiko.transport: starting thread (client mode): 0xdc28bbb0
DEB [20210225-13:42:20.393] thr=1   paramiko.transport: Local version/idstring: SSH-2.0-paramiko_2.7.2
DEB [20210225-13:42:20.393] thr=1   paramiko.transport: Remote version/idstring: SSH-2.0-OpenSSH_7.4
INF [20210225-13:42:20.393] thr=1   paramiko.transport: Connected (version 2.0, client OpenSSH_7.4)
DEB [20210225-13:42:20.577] thr=1   paramiko.transport: kex algos:['curve25519-sha256', 'curve25519-sha256@libssh.org', 'ecdh-sha2-nistp256', 'ecdh-sha2-nistp384', 'ecdh-sha2-nistp521', 'diffie-hellman-group-exchange-sha256', 'diffie-hellman-group16-sha512', 'diffie-hellman-group18-sha512', 'diffie-hellman-group-exchange-sha1', 'diffie-hellman-group14-sha256', 'diffie-hellman-group14-sha1', 'diffie-hellman-group1-sha1'] server key:['ssh-rsa', 'rsa-sha2-512', 'rsa-sha2-256', 'ecdsa-sha2-nistp256'] client encrypt:['chacha20-poly1305@openssh.com', 'aes128-ctr', 'aes192-ctr', 'aes256-ctr', 'aes128-gcm@openssh.com', 'aes256-gcm@openssh.com', 'aes128-cbc', 'aes192-cbc', 'aes256-cbc', 'blowfish-cbc', 'cast128-cbc', '3des-cbc'] server encrypt:['chacha20-poly1305@openssh.com', 'aes128-ctr', 'aes192-ctr', 'aes256-ctr', 'aes128-gcm@openssh.com', 'aes256-gcm@openssh.com', 'aes128-cbc', 'aes192-cbc', 'aes256-cbc', 'blowfish-cbc', 'cast128-cbc', '3des-cbc'] client mac:['umac-64-etm@openssh.com', 'umac-128-etm@openssh.com', 'hmac-sha2-256-etm@openssh.com', 'hmac-sha2-512-etm@openssh.com', 'hmac-sha1-etm@openssh.com', 'umac-64@openssh.com', 'umac-128@openssh.com', 'hmac-sha2-256', 'hmac-sha2-512', 'hmac-sha1'] server mac:['umac-64-etm@openssh.com', 'umac-128-etm@openssh.com', 'hmac-sha2-256-etm@openssh.com', 'hmac-sha2-512-etm@openssh.com', 'hmac-sha1-etm@openssh.com', 'umac-64@openssh.com', 'umac-128@openssh.com', 'hmac-sha2-256', 'hmac-sha2-512', 'hmac-sha1'] client compress:['none', 'zlib@openssh.com'] server compress:['none', 'zlib@openssh.com'] client lang:[''] server lang:[''] kex follows?False
DEB [20210225-13:42:20.577] thr=1   paramiko.transport: Kex agreed: curve25519-sha256@libssh.org
DEB [20210225-13:42:20.577] thr=1   paramiko.transport: HostKey agreed: ecdsa-sha2-nistp256
DEB [20210225-13:42:20.577] thr=1   paramiko.transport: Cipher agreed: aes128-ctr
DEB [20210225-13:42:20.577] thr=1   paramiko.transport: MAC agreed: hmac-sha2-256
DEB [20210225-13:42:20.577] thr=1   paramiko.transport: Compression agreed: none
DEB [20210225-13:42:21.002] thr=1   paramiko.transport: kex engine KexCurve25519 specified hash_algo <built-in function openssl_sha256>
DEB [20210225-13:42:21.002] thr=1   paramiko.transport: Switch to new keys ...
DEB [20210225-13:42:21.002] thr=2   paramiko.transport: Adding ecdsa-sha2-nistp256 host key for ftp.buysellmove.com: b'a26bd1bc4d8f640db52fbe732178ec7f'
DEB [20210225-13:42:21.416] thr=1   paramiko.transport: userauth is OK
INF [20210225-13:42:21.632] thr=1   paramiko.transport: Auth banner: b'\n+---------------------------------------------------------------+\n| Important Notice!                                             |\n|                                                               |\n| This system and all information contained herein is company   |\n| property and access is granted for authorised users only.     |\n|                                                               |\n| Use of this system constitutes your acceptance that use is    |\n| subject to company security policies and standards, and any   |\n| violation that breaches these provisions may result in        |\n| disciplinary action. All users of this system are expected    |\n| to have read applicable company policies before making use of |\n| this system. Use of this system may be subject to monitoring. |\n|                                                               |\n| Log off immediately if you do not agree to these terms.       |\n+---------------------------------------------------------------+\n\n'
INF [20210225-13:42:21.632] thr=1   paramiko.transport: Authentication (password) successful!
DEB [20210225-13:42:21.633] thr=2   paramiko.transport: [chan 0] Max packet in: 32768 bytes
DEB [20210225-13:42:21.823] thr=1   paramiko.transport: Received global request "hostkeys-00@openssh.com"
DEB [20210225-13:42:21.823] thr=1   paramiko.transport: Rejecting "hostkeys-00@openssh.com" global request from server.
DEB [20210225-13:42:22.220] thr=1   paramiko.transport: [chan 0] Max packet out: 32768 bytes
DEB [20210225-13:42:22.222] thr=1   paramiko.transport: Secsh channel 0 opened.
DEB [20210225-13:42:22.464] thr=1   paramiko.transport: [chan 0] Sesch channel 0 request ok
INF [20210225-13:42:22.652] thr=2   paramiko.transport.sftp: [chan 0] Opened sftp connection (server version 3)
DEB [20210225-13:42:22.653] thr=2   paramiko.transport.sftp: [chan 0] stat(b'files/invoice_files/out/')
DEB [20210225-13:42:22.852] thr=2   paramiko.transport.sftp: [chan 0] normalize(b'files/invoice_files/out/')
DEB [20210225-13:42:23.035] thr=2   paramiko.transport.sftp: [chan 0] listdir(b'/files/invoice_files/out/.')
DEB [20210225-13:42:24.042] thr=2   paramiko.transport.sftp: [chan 0] stat(b'/files/invoice_files/out/20210225115259_invticket_1863.csv')
DEB [20210225-13:42:24.238] thr=2   paramiko.transport.sftp: [chan 0] open(b'/files/invoice_files/out/20210225115259_invticket_1863.csv', 'rb')
DEB [20210225-13:42:24.431] thr=2   paramiko.transport.sftp: [chan 0] open(b'/files/invoice_files/out/20210225115259_invticket_1863.csv', 'rb') -> 00000000
DEB [20210225-13:42:25.088] thr=2   paramiko.transport.sftp: [chan 0] close(00000000)
DEB [20210225-13:42:25.299] thr=2   paramiko.transport.sftp: [chan 0] stat(b'/files/invoice_files/out/20210225071441_invticket_1429.csv')
DEB [20210225-13:42:25.492] thr=2   paramiko.transport.sftp: [chan 0] open(b'/files/invoice_files/out/20210225071441_invticket_1429.csv', 'rb')
DEB [20210225-13:42:25.687] thr=2   paramiko.transport.sftp: [chan 0] open(b'/files/invoice_files/out/20210225071441_invticket_1429.csv', 'rb') -> 00000000
DEB [20210225-13:42:26.344] thr=2   paramiko.transport.sftp: [chan 0] close(00000000)
DEB [20210225-13:42:26.572] thr=2   paramiko.transport.sftp: [chan 0] stat(b'/files/invoice_files/out/20210225105452_invticket_1861.csv')
DEB [20210225-13:42:26.781] thr=2   paramiko.transport.sftp: [chan 0] open(b'/files/invoice_files/out/20210225105452_invticket_1861.csv', 'rb')
DEB [20210225-13:42:26.972] thr=2   paramiko.transport.sftp: [chan 0] open(b'/files/invoice_files/out/20210225105452_invticket_1861.csv', 'rb') -> 00000000
DEB [20210225-13:42:27.598] thr=2   paramiko.transport.sftp: [chan 0] close(00000000)
DEB [20210225-13:42:27.838] thr=2   paramiko.transport.sftp: [chan 0] stat(b'/files/invoice_files/out/20210225112727_BrokerFeeVouch_1861.csv')
DEB [20210225-13:42:28.041] thr=2   paramiko.transport.sftp: [chan 0] open(b'/files/invoice_files/out/20210225112727_BrokerFeeVouch_1861.csv', 'rb')
DEB [20210225-13:42:28.230] thr=2   paramiko.transport.sftp: [chan 0] open(b'/files/invoice_files/out/20210225112727_BrokerFeeVouch_1861.csv', 'rb') -> 00000000
DEB [20210225-13:42:28.857] thr=2   paramiko.transport.sftp: [chan 0] close(00000000)
DEB [20210225-13:42:29.096] thr=2   paramiko.transport.sftp: [chan 0] stat(b'/files/invoice_files/out/20210225113950_BrokerFeeVouch_1862.csv')
DEB [20210225-13:42:29.280] thr=2   paramiko.transport.sftp: [chan 0] open(b'/files/invoice_files/out/20210225113950_BrokerFeeVouch_1862.csv', 'rb')
DEB [20210225-13:42:29.472] thr=2   paramiko.transport.sftp: [chan 0] open(b'/files/invoice_files/out/20210225113950_BrokerFeeVouch_1862.csv', 'rb') -> 00000000
DEB [20210225-13:42:30.154] thr=2   paramiko.transport.sftp: [chan 0] close(00000000)
DEB [20210225-13:42:30.389] thr=2   paramiko.transport.sftp: [chan 0] stat(b'/files/invoice_files/out/20210225100420_invticket_1652.csv')
DEB [20210225-13:42:30.575] thr=2   paramiko.transport.sftp: [chan 0] open(b'/files/invoice_files/out/20210225100420_invticket_1652.csv', 'rb')
DEB [20210225-13:42:30.768] thr=2   paramiko.transport.sftp: [chan 0] open(b'/files/invoice_files/out/20210225100420_invticket_1652.csv', 'rb') -> 00000000
DEB [20210225-13:42:31.442] thr=2   paramiko.transport.sftp: [chan 0] close(00000000)
DEB [20210225-13:42:31.931] thr=2   paramiko.transport.sftp: [chan 0] stat(b'/files/invoice_files/out/20210225112727_DrayageVouch_1861.csv')
DEB [20210225-13:42:32.122] thr=2   paramiko.transport.sftp: [chan 0] open(b'/files/invoice_files/out/20210225112727_DrayageVouch_1861.csv', 'rb')
DEB [20210225-13:42:32.313] thr=2   paramiko.transport.sftp: [chan 0] open(b'/files/invoice_files/out/20210225112727_DrayageVouch_1861.csv', 'rb') -> 00000000
DEB [20210225-13:42:32.908] thr=2   paramiko.transport.sftp: [chan 0] close(00000000)
DEB [20210225-13:42:34.014] thr=2   paramiko.transport.sftp: [chan 0] stat(b'/files/invoice_files/out/20210225113950_DrayageVouch_1862.csv')
DEB [20210225-13:42:34.361] thr=2   paramiko.transport.sftp: [chan 0] open(b'/files/invoice_files/out/20210225113950_DrayageVouch_1862.csv', 'rb')
DEB [20210225-13:42:34.688] thr=2   paramiko.transport.sftp: [chan 0] open(b'/files/invoice_files/out/20210225113950_DrayageVouch_1862.csv', 'rb') -> 00000000
DEB [20210225-13:42:35.623] thr=2   paramiko.transport.sftp: [chan 0] close(00000000)
DEB [20210225-13:42:37.132] thr=2   paramiko.transport.sftp: [chan 0] stat(b'/files/invoice_files/out/20210225100420_OceanFrtVouch_1652.csv')
DEB [20210225-13:42:37.409] thr=2   paramiko.transport.sftp: [chan 0] open(b'/files/invoice_files/out/20210225100420_OceanFrtVouch_1652.csv', 'rb')
DEB [20210225-13:42:37.635] thr=2   paramiko.transport.sftp: [chan 0] open(b'/files/invoice_files/out/20210225100420_OceanFrtVouch_1652.csv', 'rb') -> 00000000
DEB [20210225-13:42:38.709] thr=2   paramiko.transport.sftp: [chan 0] close(00000000)
DEB [20210225-13:42:56.706] thr=2   paramiko.transport.sftp: [chan 0] stat(b'/files/invoice_files/out/20210225071113_invticket_1706.csv')
DEB [20210225-13:42:57.093] thr=2   paramiko.transport.sftp: [chan 0] open(b'/files/invoice_files/out/20210225071113_invticket_1706.csv', 'rb')
DEB [20210225-13:42:57.350] thr=2   paramiko.transport.sftp: [chan 0] open(b'/files/invoice_files/out/20210225071113_invticket_1706.csv', 'rb') -> 00000000
DEB [20210225-13:42:58.216] thr=2   paramiko.transport.sftp: [chan 0] close(00000000)
DEB [20210225-13:42:58.552] thr=2   paramiko.transport.sftp: [chan 0] stat(b'/files/invoice_files/out/20210225071029_invticket_1555.csv')
DEB [20210225-13:42:58.820] thr=2   paramiko.transport.sftp: [chan 0] open(b'/files/invoice_files/out/20210225071029_invticket_1555.csv', 'rb')
DEB [20210225-13:42:59.058] thr=2   paramiko.transport.sftp: [chan 0] open(b'/files/invoice_files/out/20210225071029_invticket_1555.csv', 'rb') -> 00000000
DEB [20210225-13:43:00.147] thr=2   paramiko.transport.sftp: [chan 0] close(00000000)
DEB [20210225-13:43:04.950] thr=2   paramiko.transport.sftp: [chan 0] stat(b'/files/invoice_files/out/20210225115259_OceanFrtVouch_1863.csv')
DEB [20210225-13:43:05.139] thr=2   paramiko.transport.sftp: [chan 0] open(b'/files/invoice_files/out/20210225115259_OceanFrtVouch_1863.csv', 'rb')
DEB [20210225-13:43:05.336] thr=2   paramiko.transport.sftp: [chan 0] open(b'/files/invoice_files/out/20210225115259_OceanFrtVouch_1863.csv', 'rb') -> 00000000
DEB [20210225-13:43:05.987] thr=2   paramiko.transport.sftp: [chan 0] close(00000000)
DEB [20210225-13:43:06.651] thr=2   paramiko.transport.sftp: [chan 0] stat(b'/files/invoice_files/out/20210225105452_OceanFrtVouch_1861.csv')
DEB [20210225-13:43:06.845] thr=2   paramiko.transport.sftp: [chan 0] open(b'/files/invoice_files/out/20210225105452_OceanFrtVouch_1861.csv', 'rb')
DEB [20210225-13:43:07.053] thr=2   paramiko.transport.sftp: [chan 0] open(b'/files/invoice_files/out/20210225105452_OceanFrtVouch_1861.csv', 'rb') -> 00000000
DEB [20210225-13:43:07.898] thr=2   paramiko.transport.sftp: [chan 0] close(00000000)
DEB [20210225-13:43:08.264] thr=2   paramiko.transport.sftp: [chan 0] stat(b'/files/invoice_files/out/20210225113950_LabFeeVouch_1862.csv')
DEB [20210225-13:43:08.475] thr=2   paramiko.transport.sftp: [chan 0] open(b'/files/invoice_files/out/20210225113950_LabFeeVouch_1862.csv', 'rb')
DEB [20210225-13:43:08.678] thr=2   paramiko.transport.sftp: [chan 0] open(b'/files/invoice_files/out/20210225113950_LabFeeVouch_1862.csv', 'rb') -> 00000000
DEB [20210225-13:43:09.490] thr=2   paramiko.transport.sftp: [chan 0] close(00000000)
DEB [20210225-13:43:09.932] thr=2   paramiko.transport.sftp: [chan 0] stat(b'/files/invoice_files/out/20210225112727_LabFeeVouch_1861.csv')
DEB [20210225-13:43:10.139] thr=2   paramiko.transport.sftp: [chan 0] open(b'/files/invoice_files/out/20210225112727_LabFeeVouch_1861.csv', 'rb')
DEB [20210225-13:43:10.443] thr=2   paramiko.transport.sftp: [chan 0] open(b'/files/invoice_files/out/20210225112727_LabFeeVouch_1861.csv', 'rb') -> 00000000
DEB [20210225-13:43:11.289] thr=2   paramiko.transport.sftp: [chan 0] close(00000000)
DEB [20210225-13:43:11.524] thr=2   paramiko.transport.sftp: [chan 0] stat(b'/files/invoice_files/out/20210225115259_DrayageVouch_1863.csv')
DEB [20210225-13:43:11.707] thr=2   paramiko.transport.sftp: [chan 0] open(b'/files/invoice_files/out/20210225115259_DrayageVouch_1863.csv', 'rb')
DEB [20210225-13:43:11.898] thr=2   paramiko.transport.sftp: [chan 0] open(b'/files/invoice_files/out/20210225115259_DrayageVouch_1863.csv', 'rb') -> 00000000
DEB [20210225-13:43:12.510] thr=2   paramiko.transport.sftp: [chan 0] close(00000000)
DEB [20210225-13:43:12.806] thr=2   paramiko.transport.sftp: [chan 0] stat(b'/files/invoice_files/out/20210225112727_OceanFrtVouch_1861.csv')
DEB [20210225-13:43:12.995] thr=2   paramiko.transport.sftp: [chan 0] open(b'/files/invoice_files/out/20210225112727_OceanFrtVouch_1861.csv', 'rb')
DEB [20210225-13:43:13.184] thr=2   paramiko.transport.sftp: [chan 0] open(b'/files/invoice_files/out/20210225112727_OceanFrtVouch_1861.csv', 'rb') -> 00000000
DEB [20210225-13:43:13.939] thr=2   paramiko.transport.sftp: [chan 0] close(00000000)
DEB [20210225-13:43:14.368] thr=2   paramiko.transport.sftp: [chan 0] stat(b'/files/invoice_files/out/20210225113950_OceanFrtVouch_1862.csv')
DEB [20210225-13:43:14.552] thr=2   paramiko.transport.sftp: [chan 0] open(b'/files/invoice_files/out/20210225113950_OceanFrtVouch_1862.csv', 'rb')
DEB [20210225-13:43:14.744] thr=2   paramiko.transport.sftp: [chan 0] open(b'/files/invoice_files/out/20210225113950_OceanFrtVouch_1862.csv', 'rb') -> 00000000
DEB [20210225-13:43:15.371] thr=2   paramiko.transport.sftp: [chan 0] close(00000000)
DEB [20210225-13:43:15.651] thr=2   paramiko.transport.sftp: [chan 0] stat(b'/files/invoice_files/out/20210225105452_BrokerFeeVouch_1861.csv')
DEB [20210225-13:43:15.845] thr=2   paramiko.transport.sftp: [chan 0] open(b'/files/invoice_files/out/20210225105452_BrokerFeeVouch_1861.csv', 'rb')
DEB [20210225-13:43:16.032] thr=2   paramiko.transport.sftp: [chan 0] open(b'/files/invoice_files/out/20210225105452_BrokerFeeVouch_1861.csv', 'rb') -> 00000000
DEB [20210225-13:43:16.671] thr=2   paramiko.transport.sftp: [chan 0] close(00000000)
DEB [20210225-13:43:16.965] thr=2   paramiko.transport.sftp: [chan 0] stat(b'/files/invoice_files/out/20210225070848_invticket_1688.csv')
DEB [20210225-13:43:17.149] thr=2   paramiko.transport.sftp: [chan 0] open(b'/files/invoice_files/out/20210225070848_invticket_1688.csv', 'rb')
DEB [20210225-13:43:17.373] thr=2   paramiko.transport.sftp: [chan 0] open(b'/files/invoice_files/out/20210225070848_invticket_1688.csv', 'rb') -> 00000000
DEB [20210225-13:43:17.994] thr=2   paramiko.transport.sftp: [chan 0] close(00000000)
DEB [20210225-13:43:18.304] thr=2   paramiko.transport.sftp: [chan 0] stat(b'/files/invoice_files/out/20210225105452_DrayageVouch_1861.csv')
DEB [20210225-13:43:18.488] thr=2   paramiko.transport.sftp: [chan 0] open(b'/files/invoice_files/out/20210225105452_DrayageVouch_1861.csv', 'rb')
DEB [20210225-13:43:18.678] thr=2   paramiko.transport.sftp: [chan 0] open(b'/files/invoice_files/out/20210225105452_DrayageVouch_1861.csv', 'rb') -> 00000000
DEB [20210225-13:43:19.249] thr=2   paramiko.transport.sftp: [chan 0] close(00000000)
DEB [20210225-13:43:20.690] thr=2   paramiko.transport.sftp: [chan 0] stat(b'/files/invoice_files/out/20210225115259_BrokerFeeVouch_1863.csv')
DEB [20210225-13:43:20.984] thr=2   paramiko.transport.sftp: [chan 0] open(b'/files/invoice_files/out/20210225115259_BrokerFeeVouch_1863.csv', 'rb')
DEB [20210225-13:43:21.188] thr=2   paramiko.transport.sftp: [chan 0] open(b'/files/invoice_files/out/20210225115259_BrokerFeeVouch_1863.csv', 'rb') -> 00000000
DEB [20210225-13:43:22.066] thr=2   paramiko.transport.sftp: [chan 0] close(00000000)
DEB [20210225-13:43:22.730] thr=2   paramiko.transport.sftp: [chan 0] stat(b'/files/invoice_files/out/Xfer')
DEB [20210225-13:43:22.948] thr=2   paramiko.transport.sftp: [chan 0] open(b'/files/invoice_files/out/Xfer', 'rb')
DEB [20210225-13:43:23.138] thr=2   paramiko.transport.sftp: [chan 0] open(b'/files/invoice_files/out/Xfer', 'rb') -> 00000000
DEB [20210225-13:43:23.777] thr=2   paramiko.transport.sftp: [chan 0] close(00000000)
DEB [20210225-13:47:07.817] thr=1   paramiko.transport: starting thread (client mode): 0xb17bbb0
DEB [20210225-13:47:07.817] thr=1   paramiko.transport: Local version/idstring: SSH-2.0-paramiko_2.7.2
DEB [20210225-13:47:08.002] thr=1   paramiko.transport: Remote version/idstring: SSH-2.0-OpenSSH_7.4
INF [20210225-13:47:08.002] thr=1   paramiko.transport: Connected (version 2.0, client OpenSSH_7.4)
DEB [20210225-13:47:08.181] thr=1   paramiko.transport: kex algos:['curve25519-sha256', 'curve25519-sha256@libssh.org', 'ecdh-sha2-nistp256', 'ecdh-sha2-nistp384', 'ecdh-sha2-nistp521', 'diffie-hellman-group-exchange-sha256', 'diffie-hellman-group16-sha512', 'diffie-hellman-group18-sha512', 'diffie-hellman-group-exchange-sha1', 'diffie-hellman-group14-sha256', 'diffie-hellman-group14-sha1', 'diffie-hellman-group1-sha1'] server key:['ssh-rsa', 'rsa-sha2-512', 'rsa-sha2-256', 'ecdsa-sha2-nistp256'] client encrypt:['chacha20-poly1305@openssh.com', 'aes128-ctr', 'aes192-ctr', 'aes256-ctr', 'aes128-gcm@openssh.com', 'aes256-gcm@openssh.com', 'aes128-cbc', 'aes192-cbc', 'aes256-cbc', 'blowfish-cbc', 'cast128-cbc', '3des-cbc'] server encrypt:['chacha20-poly1305@openssh.com', 'aes128-ctr', 'aes192-ctr', 'aes256-ctr', 'aes128-gcm@openssh.com', 'aes256-gcm@openssh.com', 'aes128-cbc', 'aes192-cbc', 'aes256-cbc', 'blowfish-cbc', 'cast128-cbc', '3des-cbc'] client mac:['umac-64-etm@openssh.com', 'umac-128-etm@openssh.com', 'hmac-sha2-256-etm@openssh.com', 'hmac-sha2-512-etm@openssh.com', 'hmac-sha1-etm@openssh.com', 'umac-64@openssh.com', 'umac-128@openssh.com', 'hmac-sha2-256', 'hmac-sha2-512', 'hmac-sha1'] server mac:['umac-64-etm@openssh.com', 'umac-128-etm@openssh.com', 'hmac-sha2-256-etm@openssh.com', 'hmac-sha2-512-etm@openssh.com', 'hmac-sha1-etm@openssh.com', 'umac-64@openssh.com', 'umac-128@openssh.com', 'hmac-sha2-256', 'hmac-sha2-512', 'hmac-sha1'] client compress:['none', 'zlib@openssh.com'] server compress:['none', 'zlib@openssh.com'] client lang:[''] server lang:[''] kex follows?False
DEB [20210225-13:47:08.181] thr=1   paramiko.transport: Kex agreed: curve25519-sha256@libssh.org
DEB [20210225-13:47:08.181] thr=1   paramiko.transport: HostKey agreed: ecdsa-sha2-nistp256
DEB [20210225-13:47:08.181] thr=1   paramiko.transport: Cipher agreed: aes128-ctr
DEB [20210225-13:47:08.181] thr=1   paramiko.transport: MAC agreed: hmac-sha2-256
DEB [20210225-13:47:08.181] thr=1   paramiko.transport: Compression agreed: none
DEB [20210225-13:47:08.366] thr=1   paramiko.transport: kex engine KexCurve25519 specified hash_algo <built-in function openssl_sha256>
DEB [20210225-13:47:08.366] thr=1   paramiko.transport: Switch to new keys ...
DEB [20210225-13:47:08.366] thr=2   paramiko.transport: Adding ecdsa-sha2-nistp256 host key for ftp.buysellmove.com: b'a26bd1bc4d8f640db52fbe732178ec7f'
DEB [20210225-13:47:08.752] thr=1   paramiko.transport: userauth is OK
INF [20210225-13:47:08.985] thr=1   paramiko.transport: Auth banner: b'\n+---------------------------------------------------------------+\n| Important Notice!                                             |\n|                                                               |\n| This system and all information contained herein is company   |\n| property and access is granted for authorised users only.     |\n|                                                               |\n| Use of this system constitutes your acceptance that use is    |\n| subject to company security policies and standards, and any   |\n| violation that breaches these provisions may result in        |\n| disciplinary action. All users of this system are expected    |\n| to have read applicable company policies before making use of |\n| this system. Use of this system may be subject to monitoring. |\n|                                                               |\n| Log off immediately if you do not agree to these terms.       |\n+---------------------------------------------------------------+\n\n'
INF [20210225-13:47:08.985] thr=1   paramiko.transport: Authentication (password) successful!
DEB [20210225-13:47:08.985] thr=2   paramiko.transport: [chan 0] Max packet in: 32768 bytes
DEB [20210225-13:47:09.151] thr=1   paramiko.transport: Received global request "hostkeys-00@openssh.com"
DEB [20210225-13:47:09.151] thr=1   paramiko.transport: Rejecting "hostkeys-00@openssh.com" global request from server.
DEB [20210225-13:47:09.398] thr=1   paramiko.transport: [chan 0] Max packet out: 32768 bytes
DEB [20210225-13:47:09.398] thr=1   paramiko.transport: Secsh channel 0 opened.
DEB [20210225-13:47:09.568] thr=1   paramiko.transport: [chan 0] Sesch channel 0 request ok
INF [20210225-13:47:09.752] thr=2   paramiko.transport.sftp: [chan 0] Opened sftp connection (server version 3)
DEB [20210225-13:47:09.752] thr=2   paramiko.transport.sftp: [chan 0] stat(b'files/invoice_files/out/')
DEB [20210225-13:47:09.937] thr=2   paramiko.transport.sftp: [chan 0] normalize(b'files/invoice_files/out/')
DEB [20210225-13:47:10.122] thr=2   paramiko.transport.sftp: [chan 0] listdir(b'/files/invoice_files/out/.')
DEB [20210225-13:47:10.923] thr=2   paramiko.transport.sftp: [chan 0] stat(b'/files/invoice_files/out/20210225115259_invticket_1863.csv')
DEB [20210225-13:47:11.108] thr=2   paramiko.transport.sftp: [chan 0] open(b'/files/invoice_files/out/20210225115259_invticket_1863.csv', 'rb')
DEB [20210225-13:47:11.286] thr=2   paramiko.transport.sftp: [chan 0] open(b'/files/invoice_files/out/20210225115259_invticket_1863.csv', 'rb') -> 00000000
DEB [20210225-13:47:11.825] thr=2   paramiko.transport.sftp: [chan 0] close(00000000)
DEB [20210225-13:47:12.010] thr=2   paramiko.transport.sftp: [chan 0] stat(b'/files/invoice_files/out/20210225071441_invticket_1429.csv')
DEB [20210225-13:47:12.188] thr=2   paramiko.transport.sftp: [chan 0] open(b'/files/invoice_files/out/20210225071441_invticket_1429.csv', 'rb')
DEB [20210225-13:47:12.373] thr=2   paramiko.transport.sftp: [chan 0] open(b'/files/invoice_files/out/20210225071441_invticket_1429.csv', 'rb') -> 00000000
DEB [20210225-13:47:12.912] thr=2   paramiko.transport.sftp: [chan 0] close(00000000)
DEB [20210225-13:47:13.090] thr=2   paramiko.transport.sftp: [chan 0] stat(b'/files/invoice_files/out/20210225105452_invticket_1861.csv')
DEB [20210225-13:47:13.274] thr=2   paramiko.transport.sftp: [chan 0] open(b'/files/invoice_files/out/20210225105452_invticket_1861.csv', 'rb')
DEB [20210225-13:47:13.460] thr=2   paramiko.transport.sftp: [chan 0] open(b'/files/invoice_files/out/20210225105452_invticket_1861.csv', 'rb') -> 00000000
DEB [20210225-13:47:14.002] thr=2   paramiko.transport.sftp: [chan 0] close(00000000)
DEB [20210225-13:47:14.236] thr=2   paramiko.transport.sftp: [chan 0] stat(b'/files/invoice_files/out/20210225112727_BrokerFeeVouch_1861.csv')
DEB [20210225-13:47:14.414] thr=2   paramiko.transport.sftp: [chan 0] open(b'/files/invoice_files/out/20210225112727_BrokerFeeVouch_1861.csv', 'rb')
DEB [20210225-13:47:14.592] thr=2   paramiko.transport.sftp: [chan 0] open(b'/files/invoice_files/out/20210225112727_BrokerFeeVouch_1861.csv', 'rb') -> 00000000
DEB [20210225-13:47:15.142] thr=2   paramiko.transport.sftp: [chan 0] close(00000000)
DEB [20210225-13:47:15.331] thr=2   paramiko.transport.sftp: [chan 0] stat(b'/files/invoice_files/out/20210225113950_BrokerFeeVouch_1862.csv')
DEB [20210225-13:47:15.516] thr=2   paramiko.transport.sftp: [chan 0] open(b'/files/invoice_files/out/20210225113950_BrokerFeeVouch_1862.csv', 'rb')
DEB [20210225-13:47:15.700] thr=2   paramiko.transport.sftp: [chan 0] open(b'/files/invoice_files/out/20210225113950_BrokerFeeVouch_1862.csv', 'rb') -> 00000000
DEB [20210225-13:47:16.249] thr=2   paramiko.transport.sftp: [chan 0] close(00000000)
DEB [20210225-13:47:16.434] thr=2   paramiko.transport.sftp: [chan 0] stat(b'/files/invoice_files/out/20210225100420_invticket_1652.csv')
DEB [20210225-13:47:16.635] thr=2   paramiko.transport.sftp: [chan 0] open(b'/files/invoice_files/out/20210225100420_invticket_1652.csv', 'rb')
DEB [20210225-13:47:16.830] thr=2   paramiko.transport.sftp: [chan 0] open(b'/files/invoice_files/out/20210225100420_invticket_1652.csv', 'rb') -> 00000000
DEB [20210225-13:47:17.366] thr=2   paramiko.transport.sftp: [chan 0] close(00000000)
DEB [20210225-13:47:17.582] thr=2   paramiko.transport.sftp: [chan 0] stat(b'/files/invoice_files/out/20210225112727_DrayageVouch_1861.csv')
DEB [20210225-13:47:17.751] thr=2   paramiko.transport.sftp: [chan 0] open(b'/files/invoice_files/out/20210225112727_DrayageVouch_1861.csv', 'rb')
DEB [20210225-13:47:17.942] thr=2   paramiko.transport.sftp: [chan 0] open(b'/files/invoice_files/out/20210225112727_DrayageVouch_1861.csv', 'rb') -> 00000000
DEB [20210225-13:47:18.484] thr=2   paramiko.transport.sftp: [chan 0] close(00000000)
DEB [20210225-13:47:18.722] thr=2   paramiko.transport.sftp: [chan 0] stat(b'/files/invoice_files/out/20210225113950_DrayageVouch_1862.csv')
DEB [20210225-13:47:18.901] thr=2   paramiko.transport.sftp: [chan 0] open(b'/files/invoice_files/out/20210225113950_DrayageVouch_1862.csv', 'rb')
DEB [20210225-13:47:19.086] thr=2   paramiko.transport.sftp: [chan 0] open(b'/files/invoice_files/out/20210225113950_DrayageVouch_1862.csv', 'rb') -> 00000000
DEB [20210225-13:47:19.633] thr=2   paramiko.transport.sftp: [chan 0] close(00000000)
DEB [20210225-13:47:19.841] thr=2   paramiko.transport.sftp: [chan 0] stat(b'/files/invoice_files/out/20210225100420_OceanFrtVouch_1652.csv')
DEB [20210225-13:47:20.026] thr=2   paramiko.transport.sftp: [chan 0] open(b'/files/invoice_files/out/20210225100420_OceanFrtVouch_1652.csv', 'rb')
DEB [20210225-13:47:20.204] thr=2   paramiko.transport.sftp: [chan 0] open(b'/files/invoice_files/out/20210225100420_OceanFrtVouch_1652.csv', 'rb') -> 00000000
DEB [20210225-13:47:20.744] thr=2   paramiko.transport.sftp: [chan 0] close(00000000)
DEB [20210225-13:47:21.054] thr=2   paramiko.transport.sftp: [chan 0] stat(b'/files/invoice_files/out/20210225071113_invticket_1706.csv')
DEB [20210225-13:47:21.229] thr=2   paramiko.transport.sftp: [chan 0] open(b'/files/invoice_files/out/20210225071113_invticket_1706.csv', 'rb')
DEB [20210225-13:47:21.407] thr=2   paramiko.transport.sftp: [chan 0] open(b'/files/invoice_files/out/20210225071113_invticket_1706.csv', 'rb') -> 00000000
DEB [20210225-13:47:21.947] thr=2   paramiko.transport.sftp: [chan 0] close(00000000)
DEB [20210225-13:47:22.179] thr=2   paramiko.transport.sftp: [chan 0] stat(b'/files/invoice_files/out/20210225071029_invticket_1555.csv')
DEB [20210225-13:47:22.357] thr=2   paramiko.transport.sftp: [chan 0] open(b'/files/invoice_files/out/20210225071029_invticket_1555.csv', 'rb')
DEB [20210225-13:47:22.533] thr=2   paramiko.transport.sftp: [chan 0] open(b'/files/invoice_files/out/20210225071029_invticket_1555.csv', 'rb') -> 00000000
DEB [20210225-13:47:23.166] thr=2   paramiko.transport.sftp: [chan 0] close(00000000)
DEB [20210225-13:47:23.430] thr=2   paramiko.transport.sftp: [chan 0] stat(b'/files/invoice_files/out/20210225115259_OceanFrtVouch_1863.csv')
DEB [20210225-13:47:23.603] thr=2   paramiko.transport.sftp: [chan 0] open(b'/files/invoice_files/out/20210225115259_OceanFrtVouch_1863.csv', 'rb')
DEB [20210225-13:47:23.793] thr=2   paramiko.transport.sftp: [chan 0] open(b'/files/invoice_files/out/20210225115259_OceanFrtVouch_1863.csv', 'rb') -> 00000000
DEB [20210225-13:47:24.329] thr=2   paramiko.transport.sftp: [chan 0] close(00000000)
DEB [20210225-13:47:24.593] thr=2   paramiko.transport.sftp: [chan 0] stat(b'/files/invoice_files/out/20210225105452_OceanFrtVouch_1861.csv')
DEB [20210225-13:47:24.773] thr=2   paramiko.transport.sftp: [chan 0] open(b'/files/invoice_files/out/20210225105452_OceanFrtVouch_1861.csv', 'rb')
DEB [20210225-13:47:24.945] thr=2   paramiko.transport.sftp: [chan 0] open(b'/files/invoice_files/out/20210225105452_OceanFrtVouch_1861.csv', 'rb') -> 00000000
DEB [20210225-13:47:25.496] thr=2   paramiko.transport.sftp: [chan 0] close(00000000)
DEB [20210225-13:47:25.797] thr=2   paramiko.transport.sftp: [chan 0] stat(b'/files/invoice_files/out/20210225113950_LabFeeVouch_1862.csv')
DEB [20210225-13:47:25.976] thr=2   paramiko.transport.sftp: [chan 0] open(b'/files/invoice_files/out/20210225113950_LabFeeVouch_1862.csv', 'rb')
DEB [20210225-13:47:26.160] thr=2   paramiko.transport.sftp: [chan 0] open(b'/files/invoice_files/out/20210225113950_LabFeeVouch_1862.csv', 'rb') -> 00000000
DEB [20210225-13:47:26.698] thr=2   paramiko.transport.sftp: [chan 0] close(00000000)
DEB [20210225-13:47:26.941] thr=2   paramiko.transport.sftp: [chan 0] stat(b'/files/invoice_files/out/20210225112727_LabFeeVouch_1861.csv')
DEB [20210225-13:47:27.123] thr=2   paramiko.transport.sftp: [chan 0] open(b'/files/invoice_files/out/20210225112727_LabFeeVouch_1861.csv', 'rb')
DEB [20210225-13:47:27.307] thr=2   paramiko.transport.sftp: [chan 0] open(b'/files/invoice_files/out/20210225112727_LabFeeVouch_1861.csv', 'rb') -> 00000000
DEB [20210225-13:47:27.843] thr=2   paramiko.transport.sftp: [chan 0] close(00000000)
DEB [20210225-13:47:28.090] thr=2   paramiko.transport.sftp: [chan 0] stat(b'/files/invoice_files/out/20210225115259_DrayageVouch_1863.csv')
DEB [20210225-13:47:28.269] thr=2   paramiko.transport.sftp: [chan 0] open(b'/files/invoice_files/out/20210225115259_DrayageVouch_1863.csv', 'rb')
DEB [20210225-13:47:28.446] thr=2   paramiko.transport.sftp: [chan 0] open(b'/files/invoice_files/out/20210225115259_DrayageVouch_1863.csv', 'rb') -> 00000000
DEB [20210225-13:47:28.978] thr=2   paramiko.transport.sftp: [chan 0] close(00000000)
DEB [20210225-13:47:29.210] thr=2   paramiko.transport.sftp: [chan 0] stat(b'/files/invoice_files/out/20210225112727_OceanFrtVouch_1861.csv')
DEB [20210225-13:47:29.403] thr=2   paramiko.transport.sftp: [chan 0] open(b'/files/invoice_files/out/20210225112727_OceanFrtVouch_1861.csv', 'rb')
DEB [20210225-13:47:29.586] thr=2   paramiko.transport.sftp: [chan 0] open(b'/files/invoice_files/out/20210225112727_OceanFrtVouch_1861.csv', 'rb') -> 00000000
DEB [20210225-13:47:30.111] thr=2   paramiko.transport.sftp: [chan 0] close(00000000)
DEB [20210225-13:47:30.350] thr=2   paramiko.transport.sftp: [chan 0] stat(b'/files/invoice_files/out/20210225113950_OceanFrtVouch_1862.csv')
DEB [20210225-13:47:30.538] thr=2   paramiko.transport.sftp: [chan 0] open(b'/files/invoice_files/out/20210225113950_OceanFrtVouch_1862.csv', 'rb')
DEB [20210225-13:47:30.722] thr=2   paramiko.transport.sftp: [chan 0] open(b'/files/invoice_files/out/20210225113950_OceanFrtVouch_1862.csv', 'rb') -> 00000000
DEB [20210225-13:47:31.251] thr=2   paramiko.transport.sftp: [chan 0] close(00000000)
DEB [20210225-13:47:31.568] thr=2   paramiko.transport.sftp: [chan 0] stat(b'/files/invoice_files/out/20210225105452_BrokerFeeVouch_1861.csv')
DEB [20210225-13:47:31.749] thr=2   paramiko.transport.sftp: [chan 0] open(b'/files/invoice_files/out/20210225105452_BrokerFeeVouch_1861.csv', 'rb')
DEB [20210225-13:47:31.933] thr=2   paramiko.transport.sftp: [chan 0] open(b'/files/invoice_files/out/20210225105452_BrokerFeeVouch_1861.csv', 'rb') -> 00000000
DEB [20210225-13:47:32.464] thr=2   paramiko.transport.sftp: [chan 0] close(00000000)
DEB [20210225-13:47:32.733] thr=2   paramiko.transport.sftp: [chan 0] stat(b'/files/invoice_files/out/20210225070848_invticket_1688.csv')
DEB [20210225-13:47:32.903] thr=2   paramiko.transport.sftp: [chan 0] open(b'/files/invoice_files/out/20210225070848_invticket_1688.csv', 'rb')
DEB [20210225-13:47:33.101] thr=2   paramiko.transport.sftp: [chan 0] open(b'/files/invoice_files/out/20210225070848_invticket_1688.csv', 'rb') -> 00000000
DEB [20210225-13:47:33.657] thr=2   paramiko.transport.sftp: [chan 0] close(00000000)
DEB [20210225-13:47:33.873] thr=2   paramiko.transport.sftp: [chan 0] stat(b'/files/invoice_files/out/20210225105452_DrayageVouch_1861.csv')
DEB [20210225-13:47:34.054] thr=2   paramiko.transport.sftp: [chan 0] open(b'/files/invoice_files/out/20210225105452_DrayageVouch_1861.csv', 'rb')
DEB [20210225-13:47:34.239] thr=2   paramiko.transport.sftp: [chan 0] open(b'/files/invoice_files/out/20210225105452_DrayageVouch_1861.csv', 'rb') -> 00000000
DEB [20210225-13:47:34.769] thr=2   paramiko.transport.sftp: [chan 0] close(00000000)
DEB [20210225-13:47:35.040] thr=2   paramiko.transport.sftp: [chan 0] stat(b'/files/invoice_files/out/20210225115259_BrokerFeeVouch_1863.csv')
DEB [20210225-13:47:35.222] thr=2   paramiko.transport.sftp: [chan 0] open(b'/files/invoice_files/out/20210225115259_BrokerFeeVouch_1863.csv', 'rb')
DEB [20210225-13:47:35.414] thr=2   paramiko.transport.sftp: [chan 0] open(b'/files/invoice_files/out/20210225115259_BrokerFeeVouch_1863.csv', 'rb') -> 00000000
DEB [20210225-13:47:35.940] thr=2   paramiko.transport.sftp: [chan 0] close(00000000)
DEB [20210225-13:47:36.212] thr=2   paramiko.transport.sftp: [chan 0] stat(b'/files/invoice_files/out/Xfer')
DEB [20210225-13:47:36.401] thr=2   paramiko.transport.sftp: [chan 0] open(b'/files/invoice_files/out/Xfer', 'rb')
DEB [20210225-13:47:36.584] thr=2   paramiko.transport.sftp: [chan 0] open(b'/files/invoice_files/out/Xfer', 'rb') -> 00000000
DEB [20210225-13:47:36.763] thr=2   paramiko.transport.sftp: [chan 0] close(00000000)
DEB [20210225-13:55:42.591] thr=1   paramiko.transport: starting thread (client mode): 0x5f70cbb0
DEB [20210225-13:55:42.591] thr=1   paramiko.transport: Local version/idstring: SSH-2.0-paramiko_2.7.2
DEB [20210225-13:55:42.792] thr=1   paramiko.transport: Remote version/idstring: SSH-2.0-OpenSSH_7.4
INF [20210225-13:55:42.792] thr=1   paramiko.transport: Connected (version 2.0, client OpenSSH_7.4)
DEB [20210225-13:55:42.976] thr=1   paramiko.transport: kex algos:['curve25519-sha256', 'curve25519-sha256@libssh.org', 'ecdh-sha2-nistp256', 'ecdh-sha2-nistp384', 'ecdh-sha2-nistp521', 'diffie-hellman-group-exchange-sha256', 'diffie-hellman-group16-sha512', 'diffie-hellman-group18-sha512', 'diffie-hellman-group-exchange-sha1', 'diffie-hellman-group14-sha256', 'diffie-hellman-group14-sha1', 'diffie-hellman-group1-sha1'] server key:['ssh-rsa', 'rsa-sha2-512', 'rsa-sha2-256', 'ecdsa-sha2-nistp256'] client encrypt:['chacha20-poly1305@openssh.com', 'aes128-ctr', 'aes192-ctr', 'aes256-ctr', 'aes128-gcm@openssh.com', 'aes256-gcm@openssh.com', 'aes128-cbc', 'aes192-cbc', 'aes256-cbc', 'blowfish-cbc', 'cast128-cbc', '3des-cbc'] server encrypt:['chacha20-poly1305@openssh.com', 'aes128-ctr', 'aes192-ctr', 'aes256-ctr', 'aes128-gcm@openssh.com', 'aes256-gcm@openssh.com', 'aes128-cbc', 'aes192-cbc', 'aes256-cbc', 'blowfish-cbc', 'cast128-cbc', '3des-cbc'] client mac:['umac-64-etm@openssh.com', 'umac-128-etm@openssh.com', 'hmac-sha2-256-etm@openssh.com', 'hmac-sha2-512-etm@openssh.com', 'hmac-sha1-etm@openssh.com', 'umac-64@openssh.com', 'umac-128@openssh.com', 'hmac-sha2-256', 'hmac-sha2-512', 'hmac-sha1'] server mac:['umac-64-etm@openssh.com', 'umac-128-etm@openssh.com', 'hmac-sha2-256-etm@openssh.com', 'hmac-sha2-512-etm@openssh.com', 'hmac-sha1-etm@openssh.com', 'umac-64@openssh.com', 'umac-128@openssh.com', 'hmac-sha2-256', 'hmac-sha2-512', 'hmac-sha1'] client compress:['none', 'zlib@openssh.com'] server compress:['none', 'zlib@openssh.com'] client lang:[''] server lang:[''] kex follows?False
DEB [20210225-13:55:42.976] thr=1   paramiko.transport: Kex agreed: curve25519-sha256@libssh.org
DEB [20210225-13:55:42.976] thr=1   paramiko.transport: HostKey agreed: ecdsa-sha2-nistp256
DEB [20210225-13:55:42.976] thr=1   paramiko.transport: Cipher agreed: aes128-ctr
DEB [20210225-13:55:42.976] thr=1   paramiko.transport: MAC agreed: hmac-sha2-256
DEB [20210225-13:55:42.976] thr=1   paramiko.transport: Compression agreed: none
DEB [20210225-13:55:43.161] thr=1   paramiko.transport: kex engine KexCurve25519 specified hash_algo <built-in function openssl_sha256>
DEB [20210225-13:55:43.161] thr=1   paramiko.transport: Switch to new keys ...
DEB [20210225-13:55:43.161] thr=2   paramiko.transport: Adding ecdsa-sha2-nistp256 host key for ftp.buysellmove.com: b'a26bd1bc4d8f640db52fbe732178ec7f'
DEB [20210225-13:55:43.561] thr=1   paramiko.transport: userauth is OK
INF [20210225-13:55:43.823] thr=1   paramiko.transport: Auth banner: b'\n+---------------------------------------------------------------+\n| Important Notice!                                             |\n|                                                               |\n| This system and all information contained herein is company   |\n| property and access is granted for authorised users only.     |\n|                                                               |\n| Use of this system constitutes your acceptance that use is    |\n| subject to company security policies and standards, and any   |\n| violation that breaches these provisions may result in        |\n| disciplinary action. All users of this system are expected    |\n| to have read applicable company policies before making use of |\n| this system. Use of this system may be subject to monitoring. |\n|                                                               |\n| Log off immediately if you do not agree to these terms.       |\n+---------------------------------------------------------------+\n\n'
INF [20210225-13:55:43.823] thr=1   paramiko.transport: Authentication (password) successful!
DEB [20210225-13:55:43.823] thr=2   paramiko.transport: [chan 0] Max packet in: 32768 bytes
DEB [20210225-13:55:44.008] thr=1   paramiko.transport: Received global request "hostkeys-00@openssh.com"
DEB [20210225-13:55:44.008] thr=1   paramiko.transport: Rejecting "hostkeys-00@openssh.com" global request from server.
DEB [20210225-13:55:44.224] thr=1   paramiko.transport: [chan 0] Max packet out: 32768 bytes
DEB [20210225-13:55:44.224] thr=1   paramiko.transport: Secsh channel 0 opened.
DEB [20210225-13:55:44.408] thr=1   paramiko.transport: [chan 0] Sesch channel 0 request ok
INF [20210225-13:55:44.594] thr=2   paramiko.transport.sftp: [chan 0] Opened sftp connection (server version 3)
DEB [20210225-13:55:44.594] thr=2   paramiko.transport.sftp: [chan 0] stat(b'files/invoice_files/out/')
DEB [20210225-13:55:44.778] thr=2   paramiko.transport.sftp: [chan 0] normalize(b'files/invoice_files/out/')
DEB [20210225-13:55:44.963] thr=2   paramiko.transport.sftp: [chan 0] listdir(b'/files/invoice_files/out/.')
DEB [20210225-13:55:45.959] thr=2   paramiko.transport.sftp: [chan 0] stat(b'/files/invoice_files/out/20210225115259_invticket_1863.csv')
DEB [20210225-13:55:46.128] thr=2   paramiko.transport.sftp: [chan 0] open(b'/files/invoice_files/out/20210225115259_invticket_1863.csv', 'rb')
DEB [20210225-13:55:46.313] thr=2   paramiko.transport.sftp: [chan 0] open(b'/files/invoice_files/out/20210225115259_invticket_1863.csv', 'rb') -> 00000000
DEB [20210225-13:55:46.868] thr=2   paramiko.transport.sftp: [chan 0] close(00000000)
DEB [20210225-13:55:47.069] thr=2   paramiko.transport.sftp: [chan 0] stat(b'/files/invoice_files/out/20210225071441_invticket_1429.csv')
DEB [20210225-13:55:47.247] thr=2   paramiko.transport.sftp: [chan 0] open(b'/files/invoice_files/out/20210225071441_invticket_1429.csv', 'rb')
DEB [20210225-13:55:47.431] thr=2   paramiko.transport.sftp: [chan 0] open(b'/files/invoice_files/out/20210225071441_invticket_1429.csv', 'rb') -> 00000000
DEB [20210225-13:55:47.970] thr=2   paramiko.transport.sftp: [chan 0] close(00000000)
DEB [20210225-13:55:48.170] thr=2   paramiko.transport.sftp: [chan 0] stat(b'/files/invoice_files/out/20210225105452_invticket_1861.csv')
DEB [20210225-13:55:48.349] thr=2   paramiko.transport.sftp: [chan 0] open(b'/files/invoice_files/out/20210225105452_invticket_1861.csv', 'rb')
DEB [20210225-13:55:48.534] thr=2   paramiko.transport.sftp: [chan 0] open(b'/files/invoice_files/out/20210225105452_invticket_1861.csv', 'rb') -> 00000000
DEB [20210225-13:55:49.088] thr=2   paramiko.transport.sftp: [chan 0] close(00000000)
DEB [20210225-13:55:49.320] thr=2   paramiko.transport.sftp: [chan 0] stat(b'/files/invoice_files/out/20210225112727_BrokerFeeVouch_1861.csv')
DEB [20210225-13:55:49.504] thr=2   paramiko.transport.sftp: [chan 0] open(b'/files/invoice_files/out/20210225112727_BrokerFeeVouch_1861.csv', 'rb')
DEB [20210225-13:55:49.688] thr=2   paramiko.transport.sftp: [chan 0] open(b'/files/invoice_files/out/20210225112727_BrokerFeeVouch_1861.csv', 'rb') -> 00000000
DEB [20210225-13:55:50.237] thr=2   paramiko.transport.sftp: [chan 0] close(00000000)
DEB [20210225-13:55:50.438] thr=2   paramiko.transport.sftp: [chan 0] stat(b'/files/invoice_files/out/20210225113950_BrokerFeeVouch_1862.csv')
DEB [20210225-13:55:50.607] thr=2   paramiko.transport.sftp: [chan 0] open(b'/files/invoice_files/out/20210225113950_BrokerFeeVouch_1862.csv', 'rb')
DEB [20210225-13:55:50.808] thr=2   paramiko.transport.sftp: [chan 0] open(b'/files/invoice_files/out/20210225113950_BrokerFeeVouch_1862.csv', 'rb') -> 00000000
DEB [20210225-13:55:51.341] thr=2   paramiko.transport.sftp: [chan 0] close(00000000)
DEB [20210225-13:55:51.542] thr=2   paramiko.transport.sftp: [chan 0] stat(b'/files/invoice_files/out/20210225100420_invticket_1652.csv')
DEB [20210225-13:55:51.727] thr=2   paramiko.transport.sftp: [chan 0] open(b'/files/invoice_files/out/20210225100420_invticket_1652.csv', 'rb')
DEB [20210225-13:55:51.911] thr=2   paramiko.transport.sftp: [chan 0] open(b'/files/invoice_files/out/20210225100420_invticket_1652.csv', 'rb') -> 00000000
DEB [20210225-13:55:52.459] thr=2   paramiko.transport.sftp: [chan 0] close(00000000)
DEB [20210225-13:55:52.643] thr=2   paramiko.transport.sftp: [chan 0] stat(b'/files/invoice_files/out/20210225112727_DrayageVouch_1861.csv')
DEB [20210225-13:55:52.828] thr=2   paramiko.transport.sftp: [chan 0] open(b'/files/invoice_files/out/20210225112727_DrayageVouch_1861.csv', 'rb')
DEB [20210225-13:55:53.013] thr=2   paramiko.transport.sftp: [chan 0] open(b'/files/invoice_files/out/20210225112727_DrayageVouch_1861.csv', 'rb') -> 00000000
DEB [20210225-13:55:53.563] thr=2   paramiko.transport.sftp: [chan 0] close(00000000)
DEB [20210225-13:55:53.760] thr=2   paramiko.transport.sftp: [chan 0] stat(b'/files/invoice_files/out/20210225113950_DrayageVouch_1862.csv')
DEB [20210225-13:55:53.945] thr=2   paramiko.transport.sftp: [chan 0] open(b'/files/invoice_files/out/20210225113950_DrayageVouch_1862.csv', 'rb')
DEB [20210225-13:55:54.129] thr=2   paramiko.transport.sftp: [chan 0] open(b'/files/invoice_files/out/20210225113950_DrayageVouch_1862.csv', 'rb') -> 00000000
DEB [20210225-13:55:54.678] thr=2   paramiko.transport.sftp: [chan 0] close(00000000)
DEB [20210225-13:55:54.865] thr=2   paramiko.transport.sftp: [chan 0] stat(b'/files/invoice_files/out/20210225100420_OceanFrtVouch_1652.csv')
DEB [20210225-13:55:55.045] thr=2   paramiko.transport.sftp: [chan 0] open(b'/files/invoice_files/out/20210225100420_OceanFrtVouch_1652.csv', 'rb')
DEB [20210225-13:55:55.245] thr=2   paramiko.transport.sftp: [chan 0] open(b'/files/invoice_files/out/20210225100420_OceanFrtVouch_1652.csv', 'rb') -> 00000000
DEB [20210225-13:55:55.785] thr=2   paramiko.transport.sftp: [chan 0] close(00000000)
DEB [20210225-13:55:55.985] thr=2   paramiko.transport.sftp: [chan 0] stat(b'/files/invoice_files/out/20210225071113_invticket_1706.csv')
DEB [20210225-13:55:56.164] thr=2   paramiko.transport.sftp: [chan 0] open(b'/files/invoice_files/out/20210225071113_invticket_1706.csv', 'rb')
DEB [20210225-13:55:56.349] thr=2   paramiko.transport.sftp: [chan 0] open(b'/files/invoice_files/out/20210225071113_invticket_1706.csv', 'rb') -> 00000000
DEB [20210225-13:55:56.903] thr=2   paramiko.transport.sftp: [chan 0] close(00000000)
DEB [20210225-13:55:57.087] thr=2   paramiko.transport.sftp: [chan 0] stat(b'/files/invoice_files/out/20210225071029_invticket_1555.csv')
DEB [20210225-13:55:57.281] thr=2   paramiko.transport.sftp: [chan 0] open(b'/files/invoice_files/out/20210225071029_invticket_1555.csv', 'rb')
DEB [20210225-13:55:57.466] thr=2   paramiko.transport.sftp: [chan 0] open(b'/files/invoice_files/out/20210225071029_invticket_1555.csv', 'rb') -> 00000000
DEB [20210225-13:55:58.135] thr=2   paramiko.transport.sftp: [chan 0] close(00000000)
DEB [20210225-13:55:58.335] thr=2   paramiko.transport.sftp: [chan 0] stat(b'/files/invoice_files/out/20210225115259_OceanFrtVouch_1863.csv')
DEB [20210225-13:55:58.520] thr=2   paramiko.transport.sftp: [chan 0] open(b'/files/invoice_files/out/20210225115259_OceanFrtVouch_1863.csv', 'rb')
DEB [20210225-13:55:58.704] thr=2   paramiko.transport.sftp: [chan 0] open(b'/files/invoice_files/out/20210225115259_OceanFrtVouch_1863.csv', 'rb') -> 00000000
DEB [20210225-13:55:59.251] thr=2   paramiko.transport.sftp: [chan 0] close(00000000)
DEB [20210225-13:55:59.451] thr=2   paramiko.transport.sftp: [chan 0] stat(b'/files/invoice_files/out/20210225105452_OceanFrtVouch_1861.csv')
DEB [20210225-13:55:59.637] thr=2   paramiko.transport.sftp: [chan 0] open(b'/files/invoice_files/out/20210225105452_OceanFrtVouch_1861.csv', 'rb')
DEB [20210225-13:55:59.822] thr=2   paramiko.transport.sftp: [chan 0] open(b'/files/invoice_files/out/20210225105452_OceanFrtVouch_1861.csv', 'rb') -> 00000000
DEB [20210225-13:56:00.353] thr=2   paramiko.transport.sftp: [chan 0] close(00000000)
DEB [20210225-13:56:00.553] thr=2   paramiko.transport.sftp: [chan 0] stat(b'/files/invoice_files/out/20210225113950_LabFeeVouch_1862.csv')
DEB [20210225-13:56:00.745] thr=2   paramiko.transport.sftp: [chan 0] open(b'/files/invoice_files/out/20210225113950_LabFeeVouch_1862.csv', 'rb')
DEB [20210225-13:56:00.932] thr=2   paramiko.transport.sftp: [chan 0] open(b'/files/invoice_files/out/20210225113950_LabFeeVouch_1862.csv', 'rb') -> 00000000
DEB [20210225-13:56:01.470] thr=2   paramiko.transport.sftp: [chan 0] close(00000000)
DEB [20210225-13:56:01.671] thr=2   paramiko.transport.sftp: [chan 0] stat(b'/files/invoice_files/out/20210225112727_LabFeeVouch_1861.csv')
DEB [20210225-13:56:01.856] thr=2   paramiko.transport.sftp: [chan 0] open(b'/files/invoice_files/out/20210225112727_LabFeeVouch_1861.csv', 'rb')
DEB [20210225-13:56:02.041] thr=2   paramiko.transport.sftp: [chan 0] open(b'/files/invoice_files/out/20210225112727_LabFeeVouch_1861.csv', 'rb') -> 00000000
DEB [20210225-13:56:02.596] thr=2   paramiko.transport.sftp: [chan 0] close(00000000)
DEB [20210225-13:56:02.797] thr=2   paramiko.transport.sftp: [chan 0] stat(b'/files/invoice_files/out/20210225115259_DrayageVouch_1863.csv')
DEB [20210225-13:56:02.980] thr=2   paramiko.transport.sftp: [chan 0] open(b'/files/invoice_files/out/20210225115259_DrayageVouch_1863.csv', 'rb')
DEB [20210225-13:56:03.175] thr=2   paramiko.transport.sftp: [chan 0] open(b'/files/invoice_files/out/20210225115259_DrayageVouch_1863.csv', 'rb') -> 00000000
DEB [20210225-13:56:03.715] thr=2   paramiko.transport.sftp: [chan 0] close(00000000)
DEB [20210225-13:56:03.915] thr=2   paramiko.transport.sftp: [chan 0] stat(b'/files/invoice_files/out/20210225112727_OceanFrtVouch_1861.csv')
DEB [20210225-13:56:04.099] thr=2   paramiko.transport.sftp: [chan 0] open(b'/files/invoice_files/out/20210225112727_OceanFrtVouch_1861.csv', 'rb')
DEB [20210225-13:56:04.278] thr=2   paramiko.transport.sftp: [chan 0] open(b'/files/invoice_files/out/20210225112727_OceanFrtVouch_1861.csv', 'rb') -> 00000000
DEB [20210225-13:56:04.833] thr=2   paramiko.transport.sftp: [chan 0] close(00000000)
DEB [20210225-13:56:05.017] thr=2   paramiko.transport.sftp: [chan 0] stat(b'/files/invoice_files/out/20210225113950_OceanFrtVouch_1862.csv')
DEB [20210225-13:56:05.203] thr=2   paramiko.transport.sftp: [chan 0] open(b'/files/invoice_files/out/20210225113950_OceanFrtVouch_1862.csv', 'rb')
DEB [20210225-13:56:05.381] thr=2   paramiko.transport.sftp: [chan 0] open(b'/files/invoice_files/out/20210225113950_OceanFrtVouch_1862.csv', 'rb') -> 00000000
DEB [20210225-13:56:05.936] thr=2   paramiko.transport.sftp: [chan 0] close(00000000)
DEB [20210225-13:56:06.137] thr=2   paramiko.transport.sftp: [chan 0] stat(b'/files/invoice_files/out/20210225105452_BrokerFeeVouch_1861.csv')
DEB [20210225-13:56:06.322] thr=2   paramiko.transport.sftp: [chan 0] open(b'/files/invoice_files/out/20210225105452_BrokerFeeVouch_1861.csv', 'rb')
DEB [20210225-13:56:06.507] thr=2   paramiko.transport.sftp: [chan 0] open(b'/files/invoice_files/out/20210225105452_BrokerFeeVouch_1861.csv', 'rb') -> 00000000
DEB [20210225-13:56:07.039] thr=2   paramiko.transport.sftp: [chan 0] close(00000000)
DEB [20210225-13:56:07.271] thr=2   paramiko.transport.sftp: [chan 0] stat(b'/files/invoice_files/out/20210225070848_invticket_1688.csv')
DEB [20210225-13:56:07.453] thr=2   paramiko.transport.sftp: [chan 0] open(b'/files/invoice_files/out/20210225070848_invticket_1688.csv', 'rb')
DEB [20210225-13:56:07.638] thr=2   paramiko.transport.sftp: [chan 0] open(b'/files/invoice_files/out/20210225070848_invticket_1688.csv', 'rb') -> 00000000
DEB [20210225-13:56:08.172] thr=2   paramiko.transport.sftp: [chan 0] close(00000000)
DEB [20210225-13:56:08.372] thr=2   paramiko.transport.sftp: [chan 0] stat(b'/files/invoice_files/out/20210225105452_DrayageVouch_1861.csv')
DEB [20210225-13:56:08.556] thr=2   paramiko.transport.sftp: [chan 0] open(b'/files/invoice_files/out/20210225105452_DrayageVouch_1861.csv', 'rb')
DEB [20210225-13:56:08.741] thr=2   paramiko.transport.sftp: [chan 0] open(b'/files/invoice_files/out/20210225105452_DrayageVouch_1861.csv', 'rb') -> 00000000
DEB [20210225-13:56:09.288] thr=2   paramiko.transport.sftp: [chan 0] close(00000000)
DEB [20210225-13:56:09.489] thr=2   paramiko.transport.sftp: [chan 0] stat(b'/files/invoice_files/out/20210225115259_BrokerFeeVouch_1863.csv')
DEB [20210225-13:56:09.681] thr=2   paramiko.transport.sftp: [chan 0] open(b'/files/invoice_files/out/20210225115259_BrokerFeeVouch_1863.csv', 'rb')
DEB [20210225-13:56:09.868] thr=2   paramiko.transport.sftp: [chan 0] open(b'/files/invoice_files/out/20210225115259_BrokerFeeVouch_1863.csv', 'rb') -> 00000000
DEB [20210225-13:56:10.411] thr=2   paramiko.transport.sftp: [chan 0] close(00000000)
DEB [20210225-13:56:10.605] thr=2   paramiko.transport.sftp: [chan 0] stat(b'/files/invoice_files/out/20210225070949_invticket_1646.csv')
DEB [20210225-13:56:10.790] thr=2   paramiko.transport.sftp: [chan 0] open(b'/files/invoice_files/out/20210225070949_invticket_1646.csv', 'rb')
DEB [20210225-13:56:10.962] thr=2   paramiko.transport.sftp: [chan 0] open(b'/files/invoice_files/out/20210225070949_invticket_1646.csv', 'rb') -> 00000000
DEB [20210225-13:56:11.514] thr=2   paramiko.transport.sftp: [chan 0] close(00000000)
DEB [20210225-13:56:11.715] thr=2   paramiko.transport.sftp: [chan 0] stat(b'/files/invoice_files/out/20210225071404_invticket_1472.csv')
DEB [20210225-13:56:11.909] thr=2   paramiko.transport.sftp: [chan 0] open(b'/files/invoice_files/out/20210225071404_invticket_1472.csv', 'rb')
DEB [20210225-13:56:12.093] thr=2   paramiko.transport.sftp: [chan 0] open(b'/files/invoice_files/out/20210225071404_invticket_1472.csv', 'rb') -> 00000000
DEB [20210225-13:56:12.644] thr=2   paramiko.transport.sftp: [chan 0] close(00000000)
DEB [20210225-13:56:12.866] thr=2   paramiko.transport.sftp: [chan 0] stat(b'/files/invoice_files/out/20210225100420_BrokerFeeVouch_1652.csv')
DEB [20210225-13:56:13.048] thr=2   paramiko.transport.sftp: [chan 0] open(b'/files/invoice_files/out/20210225100420_BrokerFeeVouch_1652.csv', 'rb')
DEB [20210225-13:56:13.233] thr=2   paramiko.transport.sftp: [chan 0] open(b'/files/invoice_files/out/20210225100420_BrokerFeeVouch_1652.csv', 'rb') -> 00000000
DEB [20210225-13:56:13.781] thr=2   paramiko.transport.sftp: [chan 0] close(00000000)
DEB [20210225-13:56:13.987] thr=2   paramiko.transport.sftp: [chan 0] stat(b'/files/invoice_files/out/20210225100420_DrayageVouch_1652.csv')
DEB [20210225-13:56:14.170] thr=2   paramiko.transport.sftp: [chan 0] open(b'/files/invoice_files/out/20210225100420_DrayageVouch_1652.csv', 'rb')
DEB [20210225-13:56:14.355] thr=2   paramiko.transport.sftp: [chan 0] open(b'/files/invoice_files/out/20210225100420_DrayageVouch_1652.csv', 'rb') -> 00000000
DEB [20210225-13:56:14.903] thr=2   paramiko.transport.sftp: [chan 0] close(00000000)
DEB [20210225-13:56:15.108] thr=2   paramiko.transport.sftp: [chan 0] stat(b'/files/invoice_files/out/20210225115259_LabFeeVouch_1863.csv')
DEB [20210225-13:56:15.283] thr=2   paramiko.transport.sftp: [chan 0] open(b'/files/invoice_files/out/20210225115259_LabFeeVouch_1863.csv', 'rb')
DEB [20210225-13:56:15.469] thr=2   paramiko.transport.sftp: [chan 0] open(b'/files/invoice_files/out/20210225115259_LabFeeVouch_1863.csv', 'rb') -> 00000000
DEB [20210225-13:56:16.028] thr=2   paramiko.transport.sftp: [chan 0] close(00000000)
DEB [20210225-13:56:16.235] thr=2   paramiko.transport.sftp: [chan 0] stat(b'/files/invoice_files/out/20210225105452_LabFeeVouch_1861.csv')
DEB [20210225-13:56:16.416] thr=2   paramiko.transport.sftp: [chan 0] open(b'/files/invoice_files/out/20210225105452_LabFeeVouch_1861.csv', 'rb')
DEB [20210225-13:56:16.602] thr=2   paramiko.transport.sftp: [chan 0] open(b'/files/invoice_files/out/20210225105452_LabFeeVouch_1861.csv', 'rb') -> 00000000
DEB [20210225-13:56:17.141] thr=2   paramiko.transport.sftp: [chan 0] close(00000000)
DEB [20210225-13:56:17.341] thr=2   paramiko.transport.sftp: [chan 0] stat(b'/files/invoice_files/out/20210225113950_invticket_1862.csv')
DEB [20210225-13:56:17.526] thr=2   paramiko.transport.sftp: [chan 0] open(b'/files/invoice_files/out/20210225113950_invticket_1862.csv', 'rb')
DEB [20210225-13:56:17.721] thr=2   paramiko.transport.sftp: [chan 0] open(b'/files/invoice_files/out/20210225113950_invticket_1862.csv', 'rb') -> 00000000
DEB [20210225-13:56:18.260] thr=2   paramiko.transport.sftp: [chan 0] close(00000000)
DEB [20210225-13:56:18.476] thr=2   paramiko.transport.sftp: [chan 0] stat(b'/files/invoice_files/out/20210225112727_invticket_1861.csv')
DEB [20210225-13:56:18.645] thr=2   paramiko.transport.sftp: [chan 0] open(b'/files/invoice_files/out/20210225112727_invticket_1861.csv', 'rb')
DEB [20210225-13:56:18.847] thr=2   paramiko.transport.sftp: [chan 0] open(b'/files/invoice_files/out/20210225112727_invticket_1861.csv', 'rb') -> 00000000
DEB [20210225-13:56:19.393] thr=2   paramiko.transport.sftp: [chan 0] close(00000000)
DEB [20210225-13:56:19.609] thr=2   paramiko.transport.sftp: [chan 0] stat(b'/files/invoice_files/out/20210225071154_invticket_1494.csv')
DEB [20210225-13:56:19.778] thr=2   paramiko.transport.sftp: [chan 0] open(b'/files/invoice_files/out/20210225071154_invticket_1494.csv', 'rb')
DEB [20210225-13:56:19.978] thr=2   paramiko.transport.sftp: [chan 0] open(b'/files/invoice_files/out/20210225071154_invticket_1494.csv', 'rb') -> 00000000
DEB [20210225-13:56:20.527] thr=2   paramiko.transport.sftp: [chan 0] close(00000000)
DEB [20210225-13:56:20.733] thr=2   paramiko.transport.sftp: [chan 0] stat(b'/files/invoice_files/out/20210225071313_invticket_1178.csv')
DEB [20210225-13:56:20.912] thr=2   paramiko.transport.sftp: [chan 0] open(b'/files/invoice_files/out/20210225071313_invticket_1178.csv', 'rb')
DEB [20210225-13:56:21.097] thr=2   paramiko.transport.sftp: [chan 0] open(b'/files/invoice_files/out/20210225071313_invticket_1178.csv', 'rb') -> 00000000
DEB [20210225-13:56:21.653] thr=2   paramiko.transport.sftp: [chan 0] close(00000000)
DEB [20210225-13:56:21.853] thr=2   paramiko.transport.sftp: [chan 0] stat(b'/files/invoice_files/out/20210225100420_LabFeeVouch_1652.csv')
DEB [20210225-13:56:22.038] thr=2   paramiko.transport.sftp: [chan 0] open(b'/files/invoice_files/out/20210225100420_LabFeeVouch_1652.csv', 'rb')
DEB [20210225-13:56:22.217] thr=2   paramiko.transport.sftp: [chan 0] open(b'/files/invoice_files/out/20210225100420_LabFeeVouch_1652.csv', 'rb') -> 00000000
DEB [20210225-13:56:22.771] thr=2   paramiko.transport.sftp: [chan 0] close(00000000)
DEB [20210225-13:56:22.958] thr=1   paramiko.transport: EOF in transport thread
